<?xml version="1.0" encoding="UTF-8"?>
<!-- Generated by org.testng.reporters.JUnitXMLReporter -->
<testsuite ignored="1" hostname="DESKTOP-J833GHP" failures="0" tests="5" name="Default test" time="0.115" errors="0" timestamp="2022-01-05T15:48:31 CET">
  <testcase classname="test.Classtest3" name="LoginAPIcarLoan" time="0.012"/>
  <testcase classname="test.Classtest3" name="MobileLigin" time="0.005"/>
  <testcase classname="test.Classtest3" name="MobileLiginCarLoan" time="0.003"/>
  <testcase classname="test.Classtest3" name="WebloginCarLoan" time="0.001"/>
  <testcase classname="test.Classtest3" name="APIcarLoan" time="0.002"/>
  <testcase classname="test.Classtest3" name="Mobiledata" time="0.0">
    <ignored/>
  </testcase> <!-- Mobiledata -->
</testsuite> <!-- Default test -->
