<?xml version="1.0" encoding="UTF-8"?>
<!-- Generated by org.testng.reporters.JUnitXMLReporter -->
<testsuite ignored="1" hostname="DESKTOP-J833GHP" failures="0" tests="2" name="Car Loan" time="0.018" errors="0" timestamp="2022-01-05T15:09:48 CET">
  <testcase classname="test.Classtest3" name="LoginAPIcarLoan" time="0.004"/>
  <testcase classname="test.Classtest3" name="WebloginCarLoan" time="0.003"/>
  <testcase classname="test.Classtest3" name="MobileLiginCarLoan" time="0.0">
    <ignored/>
  </testcase> <!-- MobileLiginCarLoan -->
</testsuite> <!-- Car Loan -->
