<?xml version="1.0" encoding="UTF-8"?>
<!-- Generated by org.testng.reporters.JUnitXMLReporter -->
<testsuite ignored="1" hostname="DESKTOP-J833GHP" failures="0" tests="9" name="Regression" time="0.09" errors="0" timestamp="2022-01-05T15:37:10 CET">
  <testcase classname="test.Classtest1" name="Demo" time="0.007"/>
  <testcase classname="test.Classtest1" name="SecondTest" time="0.001"/>
  <testcase classname="test.Classtest2" name="LoginAPIcarLoan" time="0.002"/>
  <testcase classname="test.Classtest2" name="WebloginCarLoan" time="0.003"/>
  <testcase classname="test.Classtest3" name="LoginAPIcarLoan" time="0.002"/>
  <testcase classname="test.Classtest3" name="MobileLiginCarLoan" time="0.003"/>
  <testcase classname="test.Classtest3" name="WebloginCarLoan" time="0.0"/>
  <testcase classname="test.Classtest4" name="LoginAPIcarLoan" time="0.002"/>
  <testcase classname="test.Classtest4" name="WebloginCarLoan" time="0.001"/>
  <testcase classname="test.Classtest4" name="MobileLiginCarLoan" time="0.0">
    <ignored/>
  </testcase> <!-- MobileLiginCarLoan -->
</testsuite> <!-- Regression -->
