<?xml version="1.0" encoding="UTF-8"?>
<!-- Generated by org.testng.reporters.JUnitXMLReporter -->
<testsuite ignored="0" hostname="DESKTOP-J833GHP" failures="0" tests="11" name="test" time="0.076" errors="0" timestamp="2022-01-05T14:12:29 CET">
  <testcase classname="test.Classtest1" name="Demo" time="0.008"/>
  <testcase classname="test.Classtest1" name="SecondTest" time="0.002"/>
  <testcase classname="test.Classtest2" name="LoginAPIcarLoan" time="0.001"/>
  <testcase classname="test.Classtest2" name="MobileLiginCarLoan" time="0.001"/>
  <testcase classname="test.Classtest2" name="WebloginCarLoan" time="0.003"/>
  <testcase classname="test.Classtest3" name="LoginAPIcarLoan" time="0.001"/>
  <testcase classname="test.Classtest3" name="MobileLiginCarLoan" time="0.002"/>
  <testcase classname="test.Classtest3" name="WebloginCarLoan" time="0.002"/>
  <testcase classname="test.Classtest4" name="LoginAPIcarLoan" time="0.002"/>
  <testcase classname="test.Classtest4" name="MobileLiginCarLoan" time="0.002"/>
  <testcase classname="test.Classtest4" name="WebloginCarLoan" time="0.001"/>
</testsuite> <!-- test -->
